# JRE version: OpenJDK Runtime Environment (11.0.15) (build 11.0.15+0-b2043.56-9505619)
# Java VM: OpenJDK 64-Bit Server VM (11.0.15+0-b2043.56-9505619, mixed mode, tiered, compressed oops, g1 gc, windows-amd64)
Heap:
 garbage-first heap   total 260096K, used 38461K [0x0000000080000000, 0x0000000100000000)
  region size 1024K, 23 young (23552K), 2 survivors (2048K)
 Metaspace       used 25812K, capacity 26392K, committed 26544K, reserved 1073152K
  class space    used 3304K, capacity 3500K, committed 3584K, reserved 1048576K
GC Heap History (6 events):
Event: 0.448 GC heap before
{Heap before GC invocations=0 (full 0):
 garbage-first heap   total 260096K, used 29696K [0x0000000080000000, 0x0000000100000000)
  region size 1024K, 24 young (24576K), 0 survivors (0K)
 Metaspace       used 10112K, capacity 10342K, committed 10624K, reserved 1058816K
  class space    used 1023K, capacity 1107K, committed 1152K, reserved 1048576K
}
Event: 0.451 GC heap after
{Heap after GC invocations=1 (full 0):
 garbage-first heap   total 260096K, used 9252K [0x0000000080000000, 0x0000000100000000)
  region size 1024K, 3 young (3072K), 3 survivors (3072K)
 Metaspace       used 10112K, capacity 10342K, committed 10624K, reserved 1058816K
  class space    used 1023K, capacity 1107K, committed 1152K, reserved 1048576K
}
Event: 1.440 GC heap before
{Heap before GC invocations=1 (full 0):
 garbage-first heap   total 260096K, used 101412K [0x0000000080000000, 0x0000000100000000)
  region size 1024K, 94 young (96256K), 3 survivors (3072K)
 Metaspace       used 20762K, capacity 21137K, committed 21296K, reserved 1069056K
  class space    used 2479K, capacity 2634K, committed 2688K, reserved 1048576K
}
Event: 1.446 GC heap after
{Heap after GC invocations=2 (full 0):
 garbage-first heap   total 260096K, used 17051K [0x0000000080000000, 0x0000000100000000)
  region size 1024K, 11 young (11264K), 11 survivors (11264K)
 Metaspace       used 20762K, capacity 21137K, committed 21296K, reserved 1069056K
  class space    used 2479K, capacity 2634K, committed 2688K, reserved 1048576K
}
Event: 1.599 GC heap before
{Heap before GC invocations=3 (full 0):
 garbage-first heap   total 260096K, used 49819K [0x0000000080000000, 0x0000000100000000)
  region size 1024K, 43 young (44032K), 11 survivors (11264K)
 Metaspace       used 23527K, capacity 24046K, committed 24112K, reserved 1071104K
  class space    used 2954K, capacity 3184K, committed 3200K, reserved 1048576K
}
Event: 1.603 GC heap after
{Heap after GC invocations=4 (full 0):
 garbage-first heap   total 260096K, used 17981K [0x0000000080000000, 0x0000000100000000)
  region size 1024K, 2 young (2048K), 2 survivors (2048K)
 Metaspace       used 23527K, capacity 24046K, committed 24112K, reserved 1071104K
  class space    used 2954K, capacity 3184K, committed 3200K, reserved 1048576K
}

