# JRE version: OpenJDK Runtime Environment (11.0.15) (build 11.0.15+0-b2043.56-9505619)
# Java VM: OpenJDK 64-Bit Server VM (11.0.15+0-b2043.56-9505619, mixed mode, tiered, compressed oops, g1 gc, windows-amd64)
Heap:
 garbage-first heap   total 260096K, used 85893K [0x0000000080000000, 0x0000000100000000)
  region size 1024K, 19 young (19456K), 16 survivors (16384K)
 Metaspace       used 47051K, capacity 48342K, committed 48464K, reserved 1091584K
  class space    used 5899K, capacity 6369K, committed 6400K, reserved 1048576K
GC Heap History (12 events):
Event: 0.439 GC heap before
{Heap before GC invocations=0 (full 0):
 garbage-first heap   total 260096K, used 29696K [0x0000000080000000, 0x0000000100000000)
  region size 1024K, 24 young (24576K), 0 survivors (0K)
 Metaspace       used 10110K, capacity 10342K, committed 10624K, reserved 1058816K
  class space    used 1022K, capacity 1107K, committed 1152K, reserved 1048576K
}
Event: 0.442 GC heap after
{Heap after GC invocations=1 (full 0):
 garbage-first heap   total 260096K, used 9270K [0x0000000080000000, 0x0000000100000000)
  region size 1024K, 3 young (3072K), 3 survivors (3072K)
 Metaspace       used 10110K, capacity 10342K, committed 10624K, reserved 1058816K
  class space    used 1022K, capacity 1107K, committed 1152K, reserved 1048576K
}
Event: 1.425 GC heap before
{Heap before GC invocations=1 (full 0):
 garbage-first heap   total 260096K, used 101430K [0x0000000080000000, 0x0000000100000000)
  region size 1024K, 94 young (96256K), 3 survivors (3072K)
 Metaspace       used 20769K, capacity 21137K, committed 21296K, reserved 1069056K
  class space    used 2480K, capacity 2634K, committed 2688K, reserved 1048576K
}
Event: 1.431 GC heap after
{Heap after GC invocations=2 (full 0):
 garbage-first heap   total 260096K, used 16716K [0x0000000080000000, 0x0000000100000000)
  region size 1024K, 11 young (11264K), 11 survivors (11264K)
 Metaspace       used 20769K, capacity 21137K, committed 21296K, reserved 1069056K
  class space    used 2480K, capacity 2634K, committed 2688K, reserved 1048576K
}
Event: 1.610 GC heap before
{Heap before GC invocations=3 (full 0):
 garbage-first heap   total 260096K, used 52556K [0x0000000080000000, 0x0000000100000000)
  region size 1024K, 46 young (47104K), 11 survivors (11264K)
 Metaspace       used 24082K, capacity 24638K, committed 24752K, reserved 1071104K
  class space    used 3019K, capacity 3230K, committed 3328K, reserved 1048576K
}
Event: 1.613 GC heap after
{Heap after GC invocations=4 (full 0):
 garbage-first heap   total 260096K, used 18134K [0x0000000080000000, 0x0000000100000000)
  region size 1024K, 2 young (2048K), 2 survivors (2048K)
 Metaspace       used 24082K, capacity 24638K, committed 24752K, reserved 1071104K
  class space    used 3019K, capacity 3230K, committed 3328K, reserved 1048576K
}
Event: 2.246 GC heap before
{Heap before GC invocations=4 (full 0):
 garbage-first heap   total 260096K, used 152278K [0x0000000080000000, 0x0000000100000000)
  region size 1024K, 106 young (108544K), 2 survivors (2048K)
 Metaspace       used 34346K, capacity 35400K, committed 35632K, reserved 1079296K
  class space    used 4626K, capacity 4989K, committed 4992K, reserved 1048576K
}
Event: 2.249 GC heap after
{Heap after GC invocations=5 (full 0):
 garbage-first heap   total 260096K, used 52553K [0x0000000080000000, 0x0000000100000000)
  region size 1024K, 9 young (9216K), 9 survivors (9216K)
 Metaspace       used 34346K, capacity 35400K, committed 35632K, reserved 1079296K
  class space    used 4626K, capacity 4989K, committed 4992K, reserved 1048576K
}
Event: 2.271 GC heap before
{Heap before GC invocations=5 (full 0):
 garbage-first heap   total 260096K, used 54601K [0x0000000080000000, 0x0000000100000000)
  region size 1024K, 12 young (12288K), 9 survivors (9216K)
 Metaspace       used 34795K, capacity 35821K, committed 35920K, reserved 1081344K
  class space    used 4665K, capacity 5067K, committed 5120K, reserved 1048576K
}
Event: 2.276 GC heap after
{Heap after GC invocations=6 (full 0):
 garbage-first heap   total 260096K, used 52770K [0x0000000080000000, 0x0000000100000000)
  region size 1024K, 9 young (9216K), 9 survivors (9216K)
 Metaspace       used 34795K, capacity 35821K, committed 35920K, reserved 1081344K
  class space    used 4665K, capacity 5067K, committed 5120K, reserved 1048576K
}
Event: 3.153 GC heap before
{Heap before GC invocations=7 (full 0):
 garbage-first heap   total 260096K, used 197154K [0x0000000080000000, 0x0000000100000000)
  region size 1024K, 127 young (130048K), 9 survivors (9216K)
 Metaspace       used 46956K, capacity 48266K, committed 48464K, reserved 1091584K
  class space    used 5886K, capacity 6365K, committed 6400K, reserved 1048576K
}
Event: 3.163 GC heap after
{Heap after GC invocations=8 (full 0):
 garbage-first heap   total 260096K, used 83845K [0x0000000080000000, 0x0000000100000000)
  region size 1024K, 16 young (16384K), 16 survivors (16384K)
 Metaspace       used 46956K, capacity 48266K, committed 48464K, reserved 1091584K
  class space    used 5886K, capacity 6365K, committed 6400K, reserved 1048576K
}

